<?xml version="1.0" encoding="UTF-8"?>
<!-- Generated by org.testng.reporters.JUnitXMLReporter -->
<testsuite hostname="Yamini-PC" ignored="4" name="Test" tests="4" failures="4" timestamp="17 Apr 2021 11:05:14 GMT" time="0.28" errors="0">
  <testcase name="tologin1" time="0.132" classname="org.testng.GroupTestng">
    <failure type="java.lang.NullPointerException">
      <![CDATA[java.lang.NullPointerException
at org.openqa.selenium.support.pagefactory.DefaultElementLocator.findElement(DefaultElementLocator.java:69)
at org.openqa.selenium.support.pagefactory.internal.LocatingElementHandler.invoke(LocatingElementHandler.java:38)
at com.sun.proxy.$Proxy9.sendKeys(Unknown Source)
at org.baseclass.BaseClass.fillText(BaseClass.java:57)
... Removed 26 stack frames]]>
    </failure>
  </testcase> <!-- tologin1 -->
  <testcase name="tologin2" time="0.004" classname="org.testng.GroupTestng">
    <failure type="java.lang.NullPointerException">
      <![CDATA[java.lang.NullPointerException
at org.openqa.selenium.support.pagefactory.DefaultElementLocator.findElement(DefaultElementLocator.java:69)
at org.openqa.selenium.support.pagefactory.internal.LocatingElementHandler.invoke(LocatingElementHandler.java:38)
at com.sun.proxy.$Proxy9.sendKeys(Unknown Source)
at org.baseclass.BaseClass.fillText(BaseClass.java:57)
... Removed 26 stack frames]]>
    </failure>
  </testcase> <!-- tologin2 -->
  <testcase name="tologin7" time="0.004" classname="org.testng.GPTestng">
    <failure type="java.lang.NullPointerException">
      <![CDATA[java.lang.NullPointerException
at org.openqa.selenium.support.pagefactory.DefaultElementLocator.findElement(DefaultElementLocator.java:69)
at org.openqa.selenium.support.pagefactory.internal.LocatingElementHandler.invoke(LocatingElementHandler.java:38)
at com.sun.proxy.$Proxy9.sendKeys(Unknown Source)
at org.baseclass.BaseClass.fillText(BaseClass.java:57)
... Removed 26 stack frames]]>
    </failure>
  </testcase> <!-- tologin7 -->
  <testcase name="tologin8" time="0.004" classname="org.testng.GPTestng">
    <failure type="java.lang.NullPointerException">
      <![CDATA[java.lang.NullPointerException
at org.openqa.selenium.support.pagefactory.DefaultElementLocator.findElement(DefaultElementLocator.java:69)
at org.openqa.selenium.support.pagefactory.internal.LocatingElementHandler.invoke(LocatingElementHandler.java:38)
at com.sun.proxy.$Proxy9.sendKeys(Unknown Source)
at org.baseclass.BaseClass.fillText(BaseClass.java:57)
... Removed 26 stack frames]]>
    </failure>
  </testcase> <!-- tologin8 -->
  <testcase name="tologin3" time="0.0" classname="org.testng.GroupTestng">
    <ignored/>
  </testcase> <!-- tologin3 -->
  <testcase name="tologin5" time="0.0" classname="org.testng.GPTestng">
    <ignored/>
  </testcase> <!-- tologin5 -->
  <testcase name="tologin6" time="0.0" classname="org.testng.GPTestng">
    <ignored/>
  </testcase> <!-- tologin6 -->
  <testcase name="tologin4" time="0.0" classname="org.testng.GroupTestng">
    <ignored/>
  </testcase> <!-- tologin4 -->
</testsuite> <!-- Test -->
